[2023-06-11 17:21:06] drts.WARNING: Rejecting invalid URL in link: https://actcentive.com/shops/екапуста-cpl-ru-coupons-deals/ [] []
[2023-06-11 17:21:26] drts.WARNING: Rejecting invalid URL in link: https://actcentive.com/shops/каркам/ [] []
[2023-06-11 17:21:45] drts.WARNING: Rejecting invalid URL in link: https://actcentive.com/shops/каркам-coupons-deals/ [] []
[2023-06-11 17:22:01] drts.WARNING: Rejecting invalid URL in link: https://actcentive.com/shops/лабиринт-coupons-deals/ [] []
[2023-06-11 17:22:21] drts.WARNING: Rejecting invalid URL in link: https://actcentive.com/shops/лэтуаль-coupons-deals/ [] []
[2023-06-11 17:22:41] drts.WARNING: Rejecting invalid URL in link: https://actcentive.com/shops/часы-молния-coupons-deals/ [] []
[2023-06-11 17:23:02] drts.WARNING: Rejecting invalid URL in link: https://actcentive.com/shops/sravni-осаго-cps-ru-coupons-deals/ [] []
[2023-06-11 17:23:21] drts.WARNING: Rejecting invalid URL in link: https://actcentive.com/shops/екапуста-cpl-ru-coupons-deals/ [] []
[2023-06-11 17:23:40] drts.WARNING: Rejecting invalid URL in link: https://actcentive.com/shops/каркам/ [] []
[2023-06-11 17:23:55] drts.WARNING: Rejecting invalid URL in link: https://actcentive.com/shops/каркам-coupons-deals/ [] []
[2023-06-11 17:24:13] drts.WARNING: Rejecting invalid URL in link: https://actcentive.com/shops/лабиринт-coupons-deals/ [] []
[2023-06-11 17:24:28] drts.WARNING: Rejecting invalid URL in link: https://actcentive.com/shops/лэтуаль-coupons-deals/ [] []
[2023-06-11 17:24:43] drts.WARNING: Rejecting invalid URL in link: https://actcentive.com/shops/часы-молния-coupons-deals/ [] []
[2023-06-11 17:25:00] drts.WARNING: Rejecting invalid URL in link: https://actcentive.com/shops/sravni-осаго-cps-ru-coupons-deals/ [] []
[2023-06-12 23:53:12] drts.WARNING: Component Claiming could not be uninstalled. Error: The following component is not installed or loaded: Claiming [] []
[2023-06-12 23:53:12] drts.WARNING: Component Claiming could not be uninstalled. Error: The following component is not installed or loaded: Claiming [] []
[2023-06-12 23:53:12] drts.WARNING: Component Contact could not be uninstalled. Error: The following component is not installed or loaded: Contact [] []
[2023-06-12 23:53:12] drts.WARNING: Component Contact could not be uninstalled. Error: The following component is not installed or loaded: Contact [] []
[2023-06-12 23:53:12] drts.WARNING: Component Contact could not be uninstalled. Error: The following component is not installed or loaded: Contact [] []
[2023-06-12 23:53:12] drts.WARNING: Component Dashboard could not be uninstalled. Error: The following component is not installed or loaded: Dashboard [] []
[2023-06-12 23:53:12] drts.WARNING: Component Dashboard could not be uninstalled. Error: The following component is not installed or loaded: Dashboard [] []
[2023-06-12 23:53:12] drts.WARNING: Component Dashboard could not be uninstalled. Error: The following component is not installed or loaded: Dashboard [] []
[2023-06-12 23:53:12] drts.WARNING: Component Dashboard could not be uninstalled. Error: The following component is not installed or loaded: Dashboard [] []
[2023-06-12 23:53:12] drts.WARNING: Component DirectoryPro could not be uninstalled. Error: The following component is not installed or loaded: DirectoryPro [] []
[2023-06-12 23:53:12] drts.WARNING: Component DirectoryPro could not be uninstalled. Error: The following component is not installed or loaded: DirectoryPro [] []
[2023-06-12 23:53:12] drts.WARNING: Component DirectoryPro could not be uninstalled. Error: The following component is not installed or loaded: DirectoryPro [] []
[2023-06-12 23:53:12] drts.WARNING: Component DirectoryPro could not be uninstalled. Error: The following component is not installed or loaded: DirectoryPro [] []
[2023-06-12 23:53:12] drts.WARNING: Component DirectoryPro could not be uninstalled. Error: The following component is not installed or loaded: DirectoryPro [] []
[2023-06-12 23:53:12] drts.WARNING: Component Faker could not be uninstalled. Error: The following component is not installed or loaded: Faker [] []
[2023-06-12 23:53:12] drts.WARNING: Component Faker could not be uninstalled. Error: The following component is not installed or loaded: Faker [] []
[2023-06-12 23:53:12] drts.WARNING: Component Faker could not be uninstalled. Error: The following component is not installed or loaded: Faker [] []
[2023-06-12 23:53:12] drts.WARNING: Component Faker could not be uninstalled. Error: The following component is not installed or loaded: Faker [] []
[2023-06-12 23:53:12] drts.WARNING: Component Faker could not be uninstalled. Error: The following component is not installed or loaded: Faker [] []
[2023-06-12 23:53:12] drts.WARNING: Component Faker could not be uninstalled. Error: The following component is not installed or loaded: Faker [] []
[2023-06-12 23:53:12] drts.WARNING: Component FrontendSubmit could not be uninstalled. Error: The following component is not installed or loaded: FrontendSubmit [] []
[2023-06-12 23:53:12] drts.WARNING: Component FrontendSubmit could not be uninstalled. Error: The following component is not installed or loaded: FrontendSubmit [] []
[2023-06-12 23:53:12] drts.WARNING: Component FrontendSubmit could not be uninstalled. Error: The following component is not installed or loaded: FrontendSubmit [] []
[2023-06-12 23:53:12] drts.WARNING: Component FrontendSubmit could not be uninstalled. Error: The following component is not installed or loaded: FrontendSubmit [] []
[2023-06-12 23:53:12] drts.WARNING: Component FrontendSubmit could not be uninstalled. Error: The following component is not installed or loaded: FrontendSubmit [] []
[2023-06-12 23:53:12] drts.WARNING: Component FrontendSubmit could not be uninstalled. Error: The following component is not installed or loaded: FrontendSubmit [] []
[2023-06-12 23:53:12] drts.WARNING: Component FrontendSubmit could not be uninstalled. Error: The following component is not installed or loaded: FrontendSubmit [] []
[2023-06-12 23:53:12] drts.WARNING: Component Location could not be uninstalled. Error: The following component is not installed or loaded: Location [] []
[2023-06-12 23:53:12] drts.WARNING: Component Location could not be uninstalled. Error: The following component is not installed or loaded: Location [] []
[2023-06-12 23:53:12] drts.WARNING: Component Location could not be uninstalled. Error: The following component is not installed or loaded: Location [] []
[2023-06-12 23:53:12] drts.WARNING: Component Location could not be uninstalled. Error: The following component is not installed or loaded: Location [] []
[2023-06-12 23:53:12] drts.WARNING: Component Location could not be uninstalled. Error: The following component is not installed or loaded: Location [] []
[2023-06-12 23:53:12] drts.WARNING: Component Location could not be uninstalled. Error: The following component is not installed or loaded: Location [] []
[2023-06-12 23:53:12] drts.WARNING: Component Location could not be uninstalled. Error: The following component is not installed or loaded: Location [] []
[2023-06-12 23:53:12] drts.WARNING: Component Location could not be uninstalled. Error: The following component is not installed or loaded: Location [] []
[2023-06-12 23:53:13] drts.WARNING: Component reCAPTCHA could not be uninstalled. Error: The following component is not installed or loaded: reCAPTCHA [] []
[2023-06-12 23:53:13] drts.WARNING: Component reCAPTCHA could not be uninstalled. Error: The following component is not installed or loaded: reCAPTCHA [] []
[2023-06-12 23:53:13] drts.WARNING: Component reCAPTCHA could not be uninstalled. Error: The following component is not installed or loaded: reCAPTCHA [] []
[2023-06-12 23:53:13] drts.WARNING: Component reCAPTCHA could not be uninstalled. Error: The following component is not installed or loaded: reCAPTCHA [] []
[2023-06-12 23:53:13] drts.WARNING: Component reCAPTCHA could not be uninstalled. Error: The following component is not installed or loaded: reCAPTCHA [] []
[2023-06-12 23:53:13] drts.WARNING: Component reCAPTCHA could not be uninstalled. Error: The following component is not installed or loaded: reCAPTCHA [] []
[2023-06-12 23:53:13] drts.WARNING: Component reCAPTCHA could not be uninstalled. Error: The following component is not installed or loaded: reCAPTCHA [] []
[2023-06-12 23:53:13] drts.WARNING: Component reCAPTCHA could not be uninstalled. Error: The following component is not installed or loaded: reCAPTCHA [] []
[2023-06-12 23:53:13] drts.WARNING: Component reCAPTCHA could not be uninstalled. Error: The following component is not installed or loaded: reCAPTCHA [] []
[2023-06-12 23:53:13] drts.WARNING: Component Review could not be uninstalled. Error: The following component is not installed or loaded: Review [] []
[2023-06-12 23:53:13] drts.WARNING: Component Review could not be uninstalled. Error: The following component is not installed or loaded: Review [] []
[2023-06-12 23:53:13] drts.WARNING: Component Review could not be uninstalled. Error: The following component is not installed or loaded: Review [] []
[2023-06-12 23:53:13] drts.WARNING: Component Review could not be uninstalled. Error: The following component is not installed or loaded: Review [] []
[2023-06-12 23:53:13] drts.WARNING: Component Review could not be uninstalled. Error: The following component is not installed or loaded: Review [] []
[2023-06-12 23:53:13] drts.WARNING: Component Review could not be uninstalled. Error: The following component is not installed or loaded: Review [] []
[2023-06-12 23:53:13] drts.WARNING: Component Review could not be uninstalled. Error: The following component is not installed or loaded: Review [] []
[2023-06-12 23:53:13] drts.WARNING: Component Review could not be uninstalled. Error: The following component is not installed or loaded: Review [] []
[2023-06-12 23:53:13] drts.WARNING: Component Review could not be uninstalled. Error: The following component is not installed or loaded: Review [] []
[2023-06-12 23:53:13] drts.WARNING: Component Review could not be uninstalled. Error: The following component is not installed or loaded: Review [] []
[2023-06-12 23:53:13] drts.WARNING: Component Slider could not be uninstalled. Error: The following component is not installed or loaded: Slider [] []
[2023-06-12 23:53:13] drts.WARNING: Component Slider could not be uninstalled. Error: The following component is not installed or loaded: Slider [] []
[2023-06-12 23:53:13] drts.WARNING: Component Slider could not be uninstalled. Error: The following component is not installed or loaded: Slider [] []
[2023-06-12 23:53:13] drts.WARNING: Component Slider could not be uninstalled. Error: The following component is not installed or loaded: Slider [] []
[2023-06-12 23:53:13] drts.WARNING: Component Slider could not be uninstalled. Error: The following component is not installed or loaded: Slider [] []
[2023-06-12 23:53:13] drts.WARNING: Component Slider could not be uninstalled. Error: The following component is not installed or loaded: Slider [] []
[2023-06-12 23:53:13] drts.WARNING: Component Slider could not be uninstalled. Error: The following component is not installed or loaded: Slider [] []
[2023-06-12 23:53:13] drts.WARNING: Component Slider could not be uninstalled. Error: The following component is not installed or loaded: Slider [] []
[2023-06-12 23:53:13] drts.WARNING: Component Slider could not be uninstalled. Error: The following component is not installed or loaded: Slider [] []
[2023-06-12 23:53:13] drts.WARNING: Component Slider could not be uninstalled. Error: The following component is not installed or loaded: Slider [] []
[2023-06-12 23:53:13] drts.WARNING: Component Slider could not be uninstalled. Error: The following component is not installed or loaded: Slider [] []
