[2023-06-07 15:23:11 : INFO] - Could not find file for image: blog_id=1, ID=482, file=/var/www/wordpress/wp-content/uploads/2023/06/actions-incentive-red-logo-300x30-1.png 
[2023-06-07 15:23:11 : INFO] - Could not find file for image: blog_id=1, ID=480, file=/var/www/wordpress/wp-content/uploads/2023/06/actcentive-white-logo-120x20-1.png 
[2023-06-07 15:23:11 : INFO] - Could not find file for image: blog_id=1, ID=481, file=/var/www/wordpress/wp-content/uploads/2023/06/actcentive-white-logo-180x30-1.png 
[2023-06-07 15:23:11 : INFO] - Could not find file for image: blog_id=1, ID=479, file=/var/www/wordpress/wp-content/uploads/2023/06/actcentive-logo-450x80-1.png 
[2023-06-07 15:23:11 : INFO] - Could not find file for image: blog_id=1, ID=478, file=/var/www/wordpress/wp-content/uploads/2023/06/actcentive-logo-230x36-1.png 
[2023-06-07 15:23:11 : INFO] - Could not find file for image: blog_id=1, ID=477, file=/var/www/wordpress/wp-content/uploads/2023/06/actcentive-logo-183x30-1.png 
[2023-06-07 15:23:11 : INFO] - Could not find file for image: blog_id=1, ID=476, file=/var/www/wordpress/wp-content/uploads/2023/06/actcentive-grey-logo-230x36-1.png 
[2023-06-07 15:23:11 : INFO] - Could not find file for image: blog_id=1, ID=475, file=/var/www/wordpress/wp-content/uploads/2023/06/actcentive-grey-logo-183x30-1.png 
[2023-06-07 15:23:11 : INFO] - Could not find file for image: blog_id=1, ID=473, file=/var/www/wordpress/wp-content/uploads/2023/06/actcentive-grey-logo-100x16-1.png 
[2023-06-07 15:23:11 : INFO] - Could not find file for image: blog_id=1, ID=474, file=/var/www/wordpress/wp-content/uploads/2023/06/actcentive-grey-logo-120x20-1.png 
[2023-06-07 15:23:11 : INFO] - Could not find file for image: blog_id=1, ID=472, file=/var/www/wordpress/wp-content/uploads/2023/06/actcentive-black-logo-120x20-1.png 
[2023-06-07 15:23:11 : INFO] - Could not find file for image: blog_id=2, ID=18, file=/var/www/wordpress/wp-content/uploads/sites/2/2023/06/default-point-type.png 
[2023-06-07 15:23:11 : INFO] - Could not find file for image: blog_id=2, ID=15, file=/var/www/wordpress/wp-content/uploads/sites/2/2023/06/actcentive-white-logo-180x30-1.png 
[2023-06-07 15:23:11 : INFO] - Could not find file for image: blog_id=2, ID=16, file=/var/www/wordpress/wp-content/uploads/sites/2/2023/06/actions-incentive-red-logo-300x30-1.png 
[2023-06-07 15:23:11 : INFO] - Could not find file for image: blog_id=2, ID=14, file=/var/www/wordpress/wp-content/uploads/sites/2/2023/06/actcentive-white-logo-120x20-1.png 
[2023-06-07 15:23:11 : INFO] - Could not find file for image: blog_id=2, ID=13, file=/var/www/wordpress/wp-content/uploads/sites/2/2023/06/actcentive-logo-450x80-1.png 
[2023-06-07 15:23:11 : INFO] - Could not find file for image: blog_id=2, ID=12, file=/var/www/wordpress/wp-content/uploads/sites/2/2023/06/actcentive-logo-230x36-1.png 
[2023-06-07 15:23:11 : INFO] - Could not find file for image: blog_id=2, ID=11, file=/var/www/wordpress/wp-content/uploads/sites/2/2023/06/actcentive-logo-183x30-1.png 
[2023-06-07 15:23:11 : INFO] - Could not find file for image: blog_id=2, ID=10, file=/var/www/wordpress/wp-content/uploads/sites/2/2023/06/actcentive-grey-logo-230x36-1.png 
[2023-06-07 15:23:11 : INFO] - Could not find file for image: blog_id=2, ID=9, file=/var/www/wordpress/wp-content/uploads/sites/2/2023/06/actcentive-grey-logo-183x30-1.png 
[2023-06-07 15:23:11 : INFO] - Could not find file for image: blog_id=2, ID=8, file=/var/www/wordpress/wp-content/uploads/sites/2/2023/06/actcentive-grey-logo-120x20-1.png 
[2023-06-07 15:23:11 : INFO] - Could not find file for image: blog_id=2, ID=6, file=/var/www/wordpress/wp-content/uploads/sites/2/2023/06/actcentive-black-logo-120x20-1.png 
[2023-06-07 15:23:11 : INFO] - Could not find file for image: blog_id=2, ID=7, file=/var/www/wordpress/wp-content/uploads/sites/2/2023/06/actcentive-grey-logo-100x16-1.png 
[2023-06-07 15:23:12 : INFO] - Could not find file for image: blog_id=3, ID=10, file=/var/www/wordpress/wp-content/uploads/sites/3/2023/06/default-point-type.png 
[2023-06-07 15:23:12 : INFO] - Could not find file for image: blog_id=3, ID=4, file=/var/www/wordpress/wp-content/uploads/sites/3/woocommerce-placeholder.png 
[2023-06-07 15:23:12 : INFO] - Could not find file for image: blog_id=4, ID=11, file=/var/www/wordpress/wp-content/uploads/sites/4/2023/06/default-point-type.png 
[2023-06-07 15:23:12 : INFO] - Could not find file for image: blog_id=4, ID=5, file=/var/www/wordpress/wp-content/uploads/sites/4/woocommerce-placeholder.png 
[2023-06-07 15:23:12 : INFO] - Could not find file for image: blog_id=5, ID=5, file=/var/www/wordpress/wp-content/uploads/sites/5/2023/06/default-point-type.png 
[2023-06-07 15:23:12 : INFO] - Could not find file for image: blog_id=6, ID=5, file=/var/www/wordpress/wp-content/uploads/sites/6/2023/06/default-point-type.png 
[2023-06-07 15:23:12 : INFO] - Could not find file for image: blog_id=7, ID=5, file=/var/www/wordpress/wp-content/uploads/sites/7/2023/06/default-point-type.png 
[2023-06-07 15:23:12 : INFO] - Could not find file for image: blog_id=8, ID=5, file=/var/www/wordpress/wp-content/uploads/sites/8/2023/06/default-point-type.png 
[2023-06-07 15:23:12 : INFO] - Could not find file for image: blog_id=9, ID=5, file=/var/www/wordpress/wp-content/uploads/sites/9/2023/06/default-point-type.png 
[2023-06-07 15:23:12 : INFO] - Could not find file for image: blog_id=10, ID=15, file=/var/www/wordpress/wp-content/uploads/sites/10/2023/06/default-point-type.png 
[2023-06-07 15:23:12 : INFO] - Could not find file for image: blog_id=10, ID=5, file=/var/www/wordpress/wp-content/uploads/sites/10/woocommerce-placeholder.png 
[2023-06-07 15:23:12 : INFO] - Could not find file for image: blog_id=11, ID=5, file=/var/www/wordpress/wp-content/uploads/sites/11/2023/06/default-point-type.png 
[2023-06-07 15:23:12 : INFO] - Could not find file for image: blog_id=12, ID=5, file=/var/www/wordpress/wp-content/uploads/sites/12/2023/06/default-point-type.png 
[2023-06-12 21:21:40 : INFO] - Could not find file for image: blog_id=1, ID=482, file=/var/www/wordpress/wp-content/uploads/2023/06/actions-incentive-red-logo-300x30-1.png 
[2023-06-12 21:21:40 : INFO] - Could not find file for image: blog_id=1, ID=480, file=/var/www/wordpress/wp-content/uploads/2023/06/actcentive-white-logo-120x20-1.png 
[2023-06-12 21:21:40 : INFO] - Could not find file for image: blog_id=1, ID=481, file=/var/www/wordpress/wp-content/uploads/2023/06/actcentive-white-logo-180x30-1.png 
[2023-06-12 21:21:40 : INFO] - Could not find file for image: blog_id=1, ID=479, file=/var/www/wordpress/wp-content/uploads/2023/06/actcentive-logo-450x80-1.png 
[2023-06-12 21:21:40 : INFO] - Could not find file for image: blog_id=1, ID=478, file=/var/www/wordpress/wp-content/uploads/2023/06/actcentive-logo-230x36-1.png 
[2023-06-12 21:21:40 : INFO] - Could not find file for image: blog_id=1, ID=477, file=/var/www/wordpress/wp-content/uploads/2023/06/actcentive-logo-183x30-1.png 
[2023-06-12 21:21:40 : INFO] - Could not find file for image: blog_id=1, ID=476, file=/var/www/wordpress/wp-content/uploads/2023/06/actcentive-grey-logo-230x36-1.png 
[2023-06-12 21:21:40 : INFO] - Could not find file for image: blog_id=1, ID=475, file=/var/www/wordpress/wp-content/uploads/2023/06/actcentive-grey-logo-183x30-1.png 
[2023-06-12 21:21:40 : INFO] - Could not find file for image: blog_id=1, ID=473, file=/var/www/wordpress/wp-content/uploads/2023/06/actcentive-grey-logo-100x16-1.png 
[2023-06-12 21:21:40 : INFO] - Could not find file for image: blog_id=1, ID=474, file=/var/www/wordpress/wp-content/uploads/2023/06/actcentive-grey-logo-120x20-1.png 
[2023-06-12 21:21:40 : INFO] - Could not find file for image: blog_id=1, ID=472, file=/var/www/wordpress/wp-content/uploads/2023/06/actcentive-black-logo-120x20-1.png 
[2023-06-12 21:21:40 : INFO] - Could not find file for image: blog_id=2, ID=22, file=/var/www/wordpress/wp-content/uploads/sites/2/woocommerce-placeholder.png 
[2023-06-12 21:21:40 : INFO] - Could not find file for image: blog_id=2, ID=18, file=/var/www/wordpress/wp-content/uploads/sites/2/2023/06/default-point-type.png 
[2023-06-12 21:21:40 : INFO] - Could not find file for image: blog_id=2, ID=15, file=/var/www/wordpress/wp-content/uploads/sites/2/2023/06/actcentive-white-logo-180x30-1.png 
[2023-06-12 21:21:40 : INFO] - Could not find file for image: blog_id=2, ID=16, file=/var/www/wordpress/wp-content/uploads/sites/2/2023/06/actions-incentive-red-logo-300x30-1.png 
[2023-06-12 21:21:40 : INFO] - Could not find file for image: blog_id=2, ID=14, file=/var/www/wordpress/wp-content/uploads/sites/2/2023/06/actcentive-white-logo-120x20-1.png 
[2023-06-12 21:21:40 : INFO] - Could not find file for image: blog_id=2, ID=13, file=/var/www/wordpress/wp-content/uploads/sites/2/2023/06/actcentive-logo-450x80-1.png 
[2023-06-12 21:21:40 : INFO] - Could not find file for image: blog_id=2, ID=12, file=/var/www/wordpress/wp-content/uploads/sites/2/2023/06/actcentive-logo-230x36-1.png 
[2023-06-12 21:21:40 : INFO] - Could not find file for image: blog_id=2, ID=11, file=/var/www/wordpress/wp-content/uploads/sites/2/2023/06/actcentive-logo-183x30-1.png 
[2023-06-12 21:21:40 : INFO] - Could not find file for image: blog_id=2, ID=10, file=/var/www/wordpress/wp-content/uploads/sites/2/2023/06/actcentive-grey-logo-230x36-1.png 
[2023-06-12 21:21:40 : INFO] - Could not find file for image: blog_id=2, ID=9, file=/var/www/wordpress/wp-content/uploads/sites/2/2023/06/actcentive-grey-logo-183x30-1.png 
[2023-06-12 21:21:40 : INFO] - Could not find file for image: blog_id=2, ID=8, file=/var/www/wordpress/wp-content/uploads/sites/2/2023/06/actcentive-grey-logo-120x20-1.png 
[2023-06-12 21:21:40 : INFO] - Could not find file for image: blog_id=2, ID=6, file=/var/www/wordpress/wp-content/uploads/sites/2/2023/06/actcentive-black-logo-120x20-1.png 
[2023-06-12 21:21:40 : INFO] - Could not find file for image: blog_id=2, ID=7, file=/var/www/wordpress/wp-content/uploads/sites/2/2023/06/actcentive-grey-logo-100x16-1.png 
[2023-06-12 21:21:40 : INFO] - Could not find file for image: blog_id=3, ID=63, file=/var/www/wordpress/wp-content/uploads/sites/3/2023/06/actions-incentive-red-logo-300x30-1.png 
[2023-06-12 21:21:40 : INFO] - Could not find file for image: blog_id=3, ID=62, file=/var/www/wordpress/wp-content/uploads/sites/3/2023/06/actcentive-white-logo-180x30-1.png 
[2023-06-12 21:21:40 : INFO] - Could not find file for image: blog_id=3, ID=61, file=/var/www/wordpress/wp-content/uploads/sites/3/2023/06/actcentive-white-logo-120x20-1.png 
[2023-06-12 21:21:40 : INFO] - Could not find file for image: blog_id=3, ID=60, file=/var/www/wordpress/wp-content/uploads/sites/3/2023/06/actcentive-logo-450x80-1.png 
[2023-06-12 21:21:40 : INFO] - Could not find file for image: blog_id=3, ID=59, file=/var/www/wordpress/wp-content/uploads/sites/3/2023/06/actcentive-logo-230x36-1.png 
[2023-06-12 21:21:40 : INFO] - Could not find file for image: blog_id=3, ID=58, file=/var/www/wordpress/wp-content/uploads/sites/3/2023/06/actcentive-logo-183x30-1.png 
[2023-06-12 21:21:40 : INFO] - Could not find file for image: blog_id=3, ID=57, file=/var/www/wordpress/wp-content/uploads/sites/3/2023/06/actcentive-grey-logo-230x36-1.png 
[2023-06-12 21:21:40 : INFO] - Could not find file for image: blog_id=3, ID=56, file=/var/www/wordpress/wp-content/uploads/sites/3/2023/06/actcentive-grey-logo-183x30-1.png 
[2023-06-12 21:21:40 : INFO] - Could not find file for image: blog_id=3, ID=55, file=/var/www/wordpress/wp-content/uploads/sites/3/2023/06/actcentive-grey-logo-120x20-1.png 
[2023-06-12 21:21:40 : INFO] - Could not find file for image: blog_id=3, ID=54, file=/var/www/wordpress/wp-content/uploads/sites/3/2023/06/actcentive-grey-logo-100x16-1.png 
[2023-06-12 21:21:40 : INFO] - Could not find file for image: blog_id=3, ID=53, file=/var/www/wordpress/wp-content/uploads/sites/3/2023/06/actcentive-black-logo-120x20-1.png 
[2023-06-12 21:21:40 : INFO] - Could not find file for image: blog_id=3, ID=10, file=/var/www/wordpress/wp-content/uploads/sites/3/2023/06/default-point-type.png 
[2023-06-12 21:21:40 : INFO] - Could not find file for image: blog_id=3, ID=4, file=/var/www/wordpress/wp-content/uploads/sites/3/woocommerce-placeholder.png 
[2023-06-12 21:21:41 : INFO] - Could not find file for image: blog_id=4, ID=11, file=/var/www/wordpress/wp-content/uploads/sites/4/2023/06/default-point-type.png 
[2023-06-12 21:21:41 : INFO] - Could not find file for image: blog_id=4, ID=5, file=/var/www/wordpress/wp-content/uploads/sites/4/woocommerce-placeholder.png 
[2023-06-12 21:21:41 : INFO] - Could not find file for image: blog_id=5, ID=8, file=/var/www/wordpress/wp-content/uploads/sites/5/woocommerce-placeholder.png 
[2023-06-12 21:21:41 : INFO] - Could not find file for image: blog_id=5, ID=5, file=/var/www/wordpress/wp-content/uploads/sites/5/2023/06/default-point-type.png 
[2023-06-12 21:21:41 : INFO] - Could not find file for image: blog_id=6, ID=9, file=/var/www/wordpress/wp-content/uploads/sites/6/woocommerce-placeholder.png 
[2023-06-12 21:21:41 : INFO] - Could not find file for image: blog_id=6, ID=5, file=/var/www/wordpress/wp-content/uploads/sites/6/2023/06/default-point-type.png 
[2023-06-12 21:21:41 : INFO] - Could not find file for image: blog_id=7, ID=8, file=/var/www/wordpress/wp-content/uploads/sites/7/woocommerce-placeholder.png 
[2023-06-12 21:21:41 : INFO] - Could not find file for image: blog_id=7, ID=5, file=/var/www/wordpress/wp-content/uploads/sites/7/2023/06/default-point-type.png 
[2023-06-12 21:21:41 : INFO] - Could not find file for image: blog_id=8, ID=8, file=/var/www/wordpress/wp-content/uploads/sites/8/woocommerce-placeholder.png 
[2023-06-12 21:21:41 : INFO] - Could not find file for image: blog_id=8, ID=5, file=/var/www/wordpress/wp-content/uploads/sites/8/2023/06/default-point-type.png 
[2023-06-12 21:21:41 : INFO] - Could not find file for image: blog_id=9, ID=8, file=/var/www/wordpress/wp-content/uploads/sites/9/woocommerce-placeholder.png 
[2023-06-12 21:21:41 : INFO] - Could not find file for image: blog_id=9, ID=5, file=/var/www/wordpress/wp-content/uploads/sites/9/2023/06/default-point-type.png 
[2023-06-12 21:21:41 : INFO] - Could not find file for image: blog_id=10, ID=15, file=/var/www/wordpress/wp-content/uploads/sites/10/2023/06/default-point-type.png 
[2023-06-12 21:21:41 : INFO] - Could not find file for image: blog_id=10, ID=5, file=/var/www/wordpress/wp-content/uploads/sites/10/woocommerce-placeholder.png 
[2023-06-12 21:21:41 : INFO] - Could not find file for image: blog_id=11, ID=8, file=/var/www/wordpress/wp-content/uploads/sites/11/woocommerce-placeholder.png 
[2023-06-12 21:21:41 : INFO] - Could not find file for image: blog_id=11, ID=5, file=/var/www/wordpress/wp-content/uploads/sites/11/2023/06/default-point-type.png 
[2023-06-12 21:21:41 : INFO] - Could not find file for image: blog_id=11, ID=464, file=/var/www/wordpress/wp-content/uploads/sites/11/2021/07/tutor.lookmetrics.co_.jpg 
[2023-06-12 21:21:41 : INFO] - Could not find file for image: blog_id=11, ID=463, file=/var/www/wordpress/wp-content/uploads/sites/11/2021/07/multiple-payment-gateways-2x-1-1024x803-1-e1625935668214.jpg 
[2023-06-12 21:21:41 : INFO] - Could not find file for image: blog_id=11, ID=462, file=/var/www/wordpress/wp-content/uploads/sites/11/2021/07/relearn.jpg 
[2023-06-12 21:21:41 : INFO] - Could not find file for image: blog_id=11, ID=444, file=/var/www/wordpress/wp-content/uploads/sites/11/2021/07/romans.png 
[2023-06-12 21:21:41 : INFO] - Could not find file for image: blog_id=11, ID=361, file=/var/www/wordpress/wp-content/uploads/sites/11/2021/06/PinClipart.com_england-flag-clipart_5758835.png 
[2023-06-12 21:21:41 : INFO] - Could not find file for image: blog_id=11, ID=360, file=/var/www/wordpress/wp-content/uploads/sites/11/2021/06/PinClipart.com_spain-clip-art_1028023.png 
[2023-06-12 21:21:41 : INFO] - Could not find file for image: blog_id=11, ID=332, file=/var/www/wordpress/wp-content/uploads/sites/11/2021/06/671576_a272_4.jpg 
[2023-06-12 21:21:41 : INFO] - Could not find file for image: blog_id=11, ID=331, file=/var/www/wordpress/wp-content/uploads/sites/11/2021/06/950390_270f_3.jpg 
[2023-06-12 21:21:41 : INFO] - Could not find file for image: blog_id=11, ID=330, file=/var/www/wordpress/wp-content/uploads/sites/11/2021/06/4000788_1ce5_3.jpg 
[2023-06-12 21:21:41 : INFO] - Could not find file for image: blog_id=11, ID=322, file=/var/www/wordpress/wp-content/uploads/sites/11/2021/06/download-e1623190047863.jpg 
[2023-06-12 21:21:41 : INFO] - Could not find file for image: blog_id=11, ID=297, file=/var/www/wordpress/wp-content/uploads/sites/11/2021/06/courseralogo.png 
[2023-06-12 21:21:41 : INFO] - Could not find file for image: blog_id=11, ID=296, file=/var/www/wordpress/wp-content/uploads/sites/11/2021/06/udemy.png 
[2023-06-12 21:21:41 : INFO] - Could not find file for image: blog_id=11, ID=295, file=/var/www/wordpress/wp-content/uploads/sites/11/2021/06/edx.png 
[2023-06-12 21:21:41 : INFO] - Could not find file for image: blog_id=11, ID=291, file=/var/www/wordpress/wp-content/uploads/sites/11/2021/06/tag.png 
[2023-06-12 21:21:41 : INFO] - Could not find file for image: blog_id=11, ID=280, file=/var/www/wordpress/wp-content/uploads/sites/11/2021/06/line2.png 
[2023-06-12 21:21:41 : INFO] - Could not find file for image: blog_id=11, ID=234, file=/var/www/wordpress/wp-content/uploads/sites/11/2021/06/userbg.png 
[2023-06-12 21:21:41 : INFO] - Could not find file for image: blog_id=11, ID=227, file=/var/www/wordpress/wp-content/uploads/sites/11/2021/06/bgmap.png 
[2023-06-12 21:21:41 : INFO] - Could not find file for image: blog_id=11, ID=226, file=/var/www/wordpress/wp-content/uploads/sites/11/2021/06/user6.jpg 
[2023-06-12 21:21:41 : INFO] - Could not find file for image: blog_id=11, ID=225, file=/var/www/wordpress/wp-content/uploads/sites/11/2021/06/user5.jpg 
[2023-06-12 21:21:41 : INFO] - Could not find file for image: blog_id=11, ID=224, file=/var/www/wordpress/wp-content/uploads/sites/11/2021/06/user4.jpg 
[2023-06-12 21:21:41 : INFO] - Could not find file for image: blog_id=11, ID=223, file=/var/www/wordpress/wp-content/uploads/sites/11/2021/06/user3.jpg 
[2023-06-12 21:21:41 : INFO] - Could not find file for image: blog_id=11, ID=222, file=/var/www/wordpress/wp-content/uploads/sites/11/2021/06/user2.jpg 
[2023-06-12 21:21:41 : INFO] - Could not find file for image: blog_id=11, ID=221, file=/var/www/wordpress/wp-content/uploads/sites/11/2021/06/user1.jpg 
[2023-06-12 21:21:41 : INFO] - Could not find file for image: blog_id=11, ID=181, file=/var/www/wordpress/wp-content/uploads/sites/11/2021/06/newupdate.png 
[2023-06-12 21:21:41 : INFO] - Could not find file for image: blog_id=11, ID=144, file=/var/www/wordpress/wp-content/uploads/sites/11/2021/06/logos.jpg 
[2023-06-12 21:21:41 : INFO] - Could not find file for image: blog_id=11, ID=122, file=/var/www/wordpress/wp-content/uploads/sites/11/2021/06/bg.jpg 
[2023-06-12 21:21:41 : INFO] - Could not find file for image: blog_id=11, ID=121, file=/var/www/wordpress/wp-content/uploads/sites/11/2021/06/offer-pic.png 
[2023-06-12 21:21:41 : INFO] - Could not find file for image: blog_id=11, ID=118, file=/var/www/wordpress/wp-content/uploads/sites/11/2021/06/parallax-img-18.png 
[2023-06-12 21:21:41 : INFO] - Could not find file for image: blog_id=11, ID=112, file=/var/www/wordpress/wp-content/uploads/sites/11/2021/06/placeholder.png 
[2023-06-12 21:21:41 : INFO] - Could not find file for image: blog_id=11, ID=98, file=/var/www/wordpress/wp-content/uploads/sites/11/2021/06/maxresdefault.jpg 
[2023-06-12 21:21:41 : INFO] - Could not find file for image: blog_id=11, ID=97, file=/var/www/wordpress/wp-content/uploads/sites/11/2021/06/sculpt01.jpg 
[2023-06-12 21:21:41 : INFO] - Could not find file for image: blog_id=11, ID=96, file=/var/www/wordpress/wp-content/uploads/sites/11/2021/06/Kui0OtOgpgg-1.jpg 
[2023-06-12 21:21:41 : INFO] - Could not find file for image: blog_id=11, ID=89, file=/var/www/wordpress/wp-content/uploads/sites/11/2021/06/MnMrkEFqxwo-HD.jpg 
[2023-06-12 21:21:41 : INFO] - Could not find file for image: blog_id=11, ID=85, file=/var/www/wordpress/wp-content/uploads/sites/11/2021/06/seo-na-etape-razrabotki.png 
[2023-06-12 21:21:41 : INFO] - Could not find file for image: blog_id=11, ID=84, file=/var/www/wordpress/wp-content/uploads/sites/11/2021/06/SEO-Ranking-Factor-2019-1.jpg 
[2023-06-12 21:21:41 : INFO] - Could not find file for image: blog_id=11, ID=82, file=/var/www/wordpress/wp-content/uploads/sites/11/2021/06/Audit_learning.jpg 
[2023-06-12 21:21:41 : INFO] - Could not find file for image: blog_id=11, ID=81, file=/var/www/wordpress/wp-content/uploads/sites/11/2021/06/machine-learning-applications-in-finance.jpg 
[2023-06-12 21:21:41 : INFO] - Could not find file for image: blog_id=11, ID=80, file=/var/www/wordpress/wp-content/uploads/sites/11/2021/06/ee27c4be-use-cases-of-ai-and-machine-learning-in-finance.png 
[2023-06-12 21:21:41 : INFO] - Could not find file for image: blog_id=11, ID=79, file=/var/www/wordpress/wp-content/uploads/sites/11/2021/06/Banner-Machine-learning-in-Finance-v2-950x540-1.jpg 
[2023-06-12 21:21:41 : INFO] - Could not find file for image: blog_id=11, ID=62, file=/var/www/wordpress/wp-content/uploads/sites/11/2021/06/screenshot-2014-07-30-12-57-44.png 
[2023-06-12 21:21:41 : INFO] - Could not find file for image: blog_id=11, ID=61, file=/var/www/wordpress/wp-content/uploads/sites/11/2021/06/Swift-programming-language-Source-Swift-53.jpg 
[2023-06-12 21:21:41 : INFO] - Could not find file for image: blog_id=11, ID=47, file=/var/www/wordpress/wp-content/uploads/sites/11/2021/06/master-web-design-in-photoshop-design-beautiful-websites-easily.jpg 
[2023-06-12 21:21:41 : INFO] - Could not find file for image: blog_id=11, ID=46, file=/var/www/wordpress/wp-content/uploads/sites/11/2021/06/be-a-better-web-designer-developer-23-hands-on-projects.jpg 
[2023-06-12 21:21:41 : INFO] - Could not find file for image: blog_id=11, ID=45, file=/var/www/wordpress/wp-content/uploads/sites/11/2021/06/web-designing-for-beginners-real-world-coding-in-html-css.jpg 
[2023-06-12 21:21:41 : INFO] - Could not find file for image: blog_id=11, ID=44, file=/var/www/wordpress/wp-content/uploads/sites/11/2021/06/the-complete-guide-to-3d-modeling-with-blender.jpg 
[2023-06-12 21:21:41 : INFO] - Could not find file for image: blog_id=11, ID=43, file=/var/www/wordpress/wp-content/uploads/sites/11/2021/06/complete-wordpress-developer-course-plugins-themes.jpg 
[2023-06-12 21:21:41 : INFO] - Could not find file for image: blog_id=11, ID=42, file=/var/www/wordpress/wp-content/uploads/sites/11/2021/06/wordpress-complete-web-design-latest-wordpress-design-techs.jpg 
[2023-06-12 21:21:41 : INFO] - Could not find file for image: blog_id=11, ID=41, file=/var/www/wordpress/wp-content/uploads/sites/11/2021/06/complete-wordpress-course-elementor.jpg 
[2023-06-12 21:21:41 : INFO] - Could not find file for image: blog_id=11, ID=40, file=/var/www/wordpress/wp-content/uploads/sites/11/2021/06/wordpress-for-beginners-create-a-website-step-by-step.jpg 
[2023-06-12 21:21:41 : INFO] - Could not find file for image: blog_id=11, ID=39, file=/var/www/wordpress/wp-content/uploads/sites/11/2021/06/seo-2021-complete-seo-training-seo-for-wordpress-websites.jpg 
[2023-06-12 21:21:41 : INFO] - Could not find file for image: blog_id=11, ID=38, file=/var/www/wordpress/wp-content/uploads/sites/11/2021/06/instructional-design-and-technology.jpg 
[2023-06-12 21:21:41 : INFO] - Could not find file for image: blog_id=11, ID=37, file=/var/www/wordpress/wp-content/uploads/sites/11/2021/06/human-centered-design-for-work-at-a-distance.jpg 
[2023-06-12 21:21:41 : INFO] - Could not find file for image: blog_id=11, ID=36, file=/var/www/wordpress/wp-content/uploads/sites/11/2021/06/mobile-app-development-with-swift.jpg 
[2023-06-12 21:21:41 : INFO] - Could not find file for image: blog_id=11, ID=35, file=/var/www/wordpress/wp-content/uploads/sites/11/2021/06/design-thinking.jpg 
[2023-06-12 21:21:41 : INFO] - Could not find file for image: blog_id=11, ID=34, file=/var/www/wordpress/wp-content/uploads/sites/11/2021/06/applied-ai.jpg 
[2023-06-12 21:21:41 : INFO] - Could not find file for image: blog_id=11, ID=33, file=/var/www/wordpress/wp-content/uploads/sites/11/2021/06/woocommerce-placeholder.png 
[2023-06-12 21:21:41 : INFO] - Could not find file for image: blog_id=12, ID=9, file=/var/www/wordpress/wp-content/uploads/sites/12/woocommerce-placeholder.png 
[2023-06-12 21:21:41 : INFO] - Could not find file for image: blog_id=12, ID=5, file=/var/www/wordpress/wp-content/uploads/sites/12/2023/06/default-point-type.png 
[2023-06-12 21:21:41 : INFO] - Could not find file for image: blog_id=13, ID=14, file=/var/www/wordpress/wp-content/uploads/sites/13/2023/06/default-point-type.png 
[2023-06-12 21:21:41 : INFO] - Could not find file for image: blog_id=13, ID=4, file=/var/www/wordpress/wp-content/uploads/sites/13/woocommerce-placeholder.png 
[2023-06-12 21:21:41 : INFO] - Could not find file for image: blog_id=14, ID=4, file=/var/www/wordpress/wp-content/uploads/sites/14/2023/06/default-point-type.png 
